{
  "RSpec": {
    "coverage": {
      "/Users/tomfreudenheim/Documents/development/celmatix/celmatix_challenge_restore/celmatix-challenge/app/controllers/api/cart_items_controller.rb": [
        1,
        null,
        1,
        1,
        null,
        null,
        null,
        null,
        null,
        null,
        null,
        null,
        null,
        1,
        2,
        1,
        null,
        1,
        1,
        1,
        null,
        null,
        null,
        null,
        1,
        3,
        2,
        null,
        1,
        null,
        3,
        null,
        null,
        null,
        null,
        null,
        null,
        null,
        null,
        1,
        3,
        1,
        1,
        null,
        2,
        null,
        null,
        null,
        null
      ],
      "/Users/tomfreudenheim/Documents/development/celmatix/celmatix_challenge_restore/celmatix-challenge/app/controllers/application_controller.rb": [
        null,
        1,
        1,
        1,
        null,
        null,
        null,
        null,
        null,
        null,
        1,
        21,
        6,
        15,
        2,
        null,
        null,
        null
      ],
      "/Users/tomfreudenheim/Documents/development/celmatix/celmatix_challenge_restore/celmatix-challenge/spec/controllers/pages_controller_spec.rb": [
        1,
        1,
        null
      ],
      "/Users/tomfreudenheim/Documents/development/celmatix/celmatix_challenge_restore/celmatix-challenge/app/controllers/pages_controller.rb": [
        null,
        1,
        null,
        null,
        null,
        1,
        13,
        null,
        null
      ],
      "/Users/tomfreudenheim/Documents/development/celmatix/celmatix_challenge_restore/celmatix-challenge/spec/controllers/user_controller_spec.rb": [
        1,
        1,
        null,
        1,
        1,
        1,
        1,
        null,
        1,
        1,
        null,
        null,
        1,
        1,
        null,
        2,
        2,
        null,
        null,
        null
      ],
      "/Users/tomfreudenheim/Documents/development/celmatix/celmatix_challenge_restore/celmatix-challenge/app/controllers/users_controller.rb": [
        null,
        null,
        null,
        null,
        null,
        null,
        null,
        1,
        1,
        null,
        null,
        1,
        null,
        1,
        null,
        1,
        5,
        null,
        null,
        3,
        null,
        null,
        null,
        1,
        5,
        null,
        null
      ],
      "/Users/tomfreudenheim/Documents/development/celmatix/celmatix_challenge_restore/celmatix-challenge/spec/features/clearance/user_signs_out_spec.rb": [
        1,
        1,
        null,
        1,
        1,
        1,
        1,
        null,
        1,
        null,
        null
      ],
      "/Users/tomfreudenheim/Documents/development/celmatix/celmatix_challenge_restore/celmatix-challenge/spec/support/features/clearance_helpers.rb": [
        1,
        1,
        1,
        5,
        5,
        5,
        null,
        null,
        1,
        1,
        1,
        1,
        null,
        null,
        1,
        6,
        6,
        6,
        6,
        null,
        null,
        1,
        2,
        null,
        null,
        1,
        3,
        3,
        3,
        3,
        null,
        null,
        1,
        5,
        5,
        null,
        null,
        1,
        6,
        null,
        null,
        1,
        4,
        4,
        4,
        null,
        null,
        null,
        null,
        1,
        1,
        null
      ],
      "/Users/tomfreudenheim/Documents/development/celmatix/celmatix_challenge_restore/celmatix-challenge/spec/features/clearance/visitor_resets_password_spec.rb": [
        1,
        1,
        null,
        1,
        4,
        null,
        1,
        3,
        3,
        3,
        3,
        null,
        null,
        1,
        1,
        null,
        1,
        null,
        1,
        null,
        null,
        1,
        1,
        null,
        1,
        1,
        null,
        null,
        1,
        1,
        null,
        1,
        1,
        null,
        null,
        1,
        null,
        1,
        1,
        1,
        null,
        null,
        null,
        null,
        null,
        null,
        1,
        2,
        null,
        null,
        1,
        1,
        null,
        1,
        null,
        1,
        null,
        null,
        null,
        null,
        1,
        null,
        null,
        1,
        1,
        null,
        null
      ],
      "/Users/tomfreudenheim/Documents/development/celmatix/celmatix_challenge_restore/celmatix-challenge/spec/features/clearance/visitor_signs_in_spec.rb": [
        1,
        1,
        null,
        1,
        1,
        1,
        1,
        null,
        1,
        null,
        null,
        1,
        1,
        1,
        null,
        1,
        null,
        null,
        1,
        1,
        1,
        null,
        1,
        1,
        null,
        null,
        1,
        1,
        null,
        1,
        1,
        null,
        null,
        1,
        null,
        1,
        3,
        null,
        null,
        1,
        2,
        null,
        null,
        null,
        null
      ],
      "/Users/tomfreudenheim/Documents/development/celmatix/celmatix_challenge_restore/celmatix-challenge/spec/features/clearance/visitor_signs_up_spec.rb": [
        1,
        1,
        null,
        1,
        1,
        1,
        null,
        1,
        null,
        1,
        null,
        null,
        1,
        1,
        null,
        1,
        null,
        null,
        1,
        1,
        null,
        1,
        null,
        null,
        1,
        1,
        null,
        1,
        null,
        null
      ],
      "/Users/tomfreudenheim/Documents/development/celmatix/celmatix_challenge_restore/celmatix-challenge/spec/features/clearance/visitor_updates_password_spec.rb": [
        1,
        1,
        null,
        1,
        1,
        1,
        1,
        null,
        1,
        null,
        null,
        1,
        1,
        1,
        1,
        1,
        null,
        1,
        null,
        null,
        1,
        1,
        1,
        1,
        null,
        1,
        1,
        null,
        null,
        1,
        null,
        1,
        2,
        2,
        null,
        null,
        1,
        3,
        null,
        null,
        null,
        null,
        null,
        1,
        3,
        3,
        null,
        null
      ],
      "/Users/tomfreudenheim/Documents/development/celmatix/celmatix_challenge_restore/celmatix-challenge/spec/features/user_visits_homepage_spec.rb": [
        1,
        null,
        1,
        1,
        1,
        null,
        1,
        null,
        null
      ],
      "/Users/tomfreudenheim/Documents/development/celmatix/celmatix_challenge_restore/celmatix-challenge/spec/mailers/notifier_spec.rb": [
        1,
        null,
        1,
        1,
        1,
        1,
        null,
        1,
        null,
        1,
        1,
        1,
        null,
        null,
        1,
        1,
        null,
        1,
        null,
        1,
        null,
        null,
        null
      ],
      "/Users/tomfreudenheim/Documents/development/celmatix/celmatix_challenge_restore/celmatix-challenge/app/mailers/notifier_mailer.rb": [
        null,
        1,
        null,
        null,
        null,
        null,
        null,
        1,
        5,
        null,
        null
      ],
      "/Users/tomfreudenheim/Documents/development/celmatix/celmatix_challenge_restore/celmatix-challenge/app/mailers/application_mailer.rb": [
        null,
        1,
        1,
        1,
        null
      ],
      "/Users/tomfreudenheim/Documents/development/celmatix/celmatix_challenge_restore/celmatix-challenge/spec/models/cart_spec.rb": [
        1,
        null,
        1,
        1,
        2,
        2,
        2,
        null,
        null,
        1,
        1,
        null,
        1,
        1,
        1,
        null,
        1,
        null,
        null,
        null
      ],
      "/Users/tomfreudenheim/Documents/development/celmatix/celmatix_challenge_restore/celmatix-challenge/app/models/cart.rb": [
        null,
        null,
        1,
        1,
        1,
        1,
        1,
        null,
        null,
        null,
        1,
        1,
        null,
        0,
        0,
        null,
        null
      ],
      "/Users/tomfreudenheim/Documents/development/celmatix/celmatix_challenge_restore/celmatix-challenge/app/models/application_record.rb": [
        null,
        null,
        null,
        1,
        1,
        null
      ],
      "/Users/tomfreudenheim/Documents/development/celmatix/celmatix_challenge_restore/celmatix-challenge/spec/models/order_spec.rb": [
        1,
        null,
        1,
        1,
        2,
        2,
        null,
        null
      ],
      "/Users/tomfreudenheim/Documents/development/celmatix/celmatix_challenge_restore/celmatix-challenge/app/models/order.rb": [
        null,
        1,
        1,
        1,
        null
      ],
      "/Users/tomfreudenheim/Documents/development/celmatix/celmatix_challenge_restore/celmatix-challenge/spec/models/product_spec.rb": [
        1,
        null,
        1,
        1,
        2,
        2,
        2,
        null,
        null
      ],
      "/Users/tomfreudenheim/Documents/development/celmatix/celmatix_challenge_restore/celmatix-challenge/app/models/product.rb": [
        null,
        1,
        1,
        1,
        1,
        null
      ],
      "/Users/tomfreudenheim/Documents/development/celmatix/celmatix_challenge_restore/celmatix-challenge/spec/models/user_spec.rb": [
        1,
        null,
        1,
        1,
        2,
        null,
        null,
        1,
        1,
        1,
        1,
        1,
        null,
        null,
        1,
        1,
        1,
        null,
        null,
        null,
        null
      ],
      "/Users/tomfreudenheim/Documents/development/celmatix/celmatix_challenge_restore/celmatix-challenge/app/models/user.rb": [
        null,
        1,
        1,
        1,
        null,
        null,
        1,
        null,
        null,
        1,
        7,
        null,
        null
      ],
      "/Users/tomfreudenheim/Documents/development/celmatix/celmatix_challenge_restore/celmatix-challenge/spec/requests/api/cart_items_spec.rb": [
        1,
        1,
        null,
        1,
        1,
        1,
        1,
        1,
        1,
        1,
        1,
        null,
        1,
        1,
        null,
        null,
        1,
        1,
        null,
        1,
        null,
        1,
        1,
        null,
        null,
        1,
        1,
        null,
        1,
        null,
        null,
        null,
        1,
        1,
        1,
        1,
        1,
        1,
        1,
        null,
        1,
        1,
        null,
        null,
        1,
        1,
        1,
        1,
        null,
        1,
        null,
        null,
        1,
        1,
        1,
        1,
        1,
        null,
        1,
        null,
        null,
        1,
        1,
        null,
        1,
        null,
        null,
        null
      ],
      "/Users/tomfreudenheim/Documents/development/celmatix/celmatix_challenge_restore/celmatix-challenge/spec/requests/api/order_spec.rb": [
        1,
        1,
        null,
        1,
        1,
        1,
        1,
        1,
        1,
        null,
        1,
        null,
        1,
        1,
        1,
        null,
        null,
        1,
        1,
        null,
        1,
        null,
        1,
        1,
        null,
        null,
        1,
        1,
        1,
        null,
        null,
        null
      ],
      "/Users/tomfreudenheim/Documents/development/celmatix/celmatix_challenge_restore/celmatix-challenge/spec/requests/api/products_spec.rb": [
        1,
        1,
        null,
        1,
        1,
        1,
        3,
        null,
        1,
        null,
        1,
        1,
        null,
        null,
        null,
        1,
        1,
        1,
        1,
        null,
        1,
        1,
        null,
        null,
        1,
        1,
        1,
        null,
        1,
        1,
        null,
        null,
        1,
        1,
        1,
        null,
        null,
        1,
        1,
        null,
        null,
        null
      ],
      "/Users/tomfreudenheim/Documents/development/celmatix/celmatix_challenge_restore/celmatix-challenge/spec/requests/api/users_spec.rb": [
        1,
        1,
        null,
        1,
        1,
        1,
        1,
        1,
        null,
        1,
        1,
        null,
        null,
        1,
        1,
        1,
        null,
        1,
        null,
        null,
        1,
        1,
        null,
        1,
        null,
        null,
        null
      ],
      "/Users/tomfreudenheim/Documents/development/celmatix/celmatix_challenge_restore/celmatix-challenge/app/models/carts_product.rb": [
        null,
        1,
        1,
        1,
        null
      ],
      "/Users/tomfreudenheim/Documents/development/celmatix/celmatix_challenge_restore/celmatix-challenge/app/controllers/api/products_controller.rb": [
        1,
        null,
        1,
        1,
        3,
        null,
        null,
        null,
        1,
        1,
        1,
        null,
        null,
        null,
        null,
        null,
        null,
        null,
        null,
        null,
        null,
        null,
        1,
        2,
        2,
        1,
        null,
        1,
        null,
        null,
        null,
        1,
        null,
        1,
        2,
        null,
        null,
        null
      ],
      "/Users/tomfreudenheim/Documents/development/celmatix/celmatix_challenge_restore/celmatix-challenge/app/controllers/api/orders_controller.rb": [
        1,
        null,
        1,
        1,
        null,
        null,
        1,
        2,
        2,
        1,
        null,
        1,
        null,
        null,
        null,
        null
      ],
      "/Users/tomfreudenheim/Documents/development/celmatix/celmatix_challenge_restore/celmatix-challenge/app/controllers/api/orders_controller/order_builder.rb": [
        1,
        1,
        null,
        1,
        null,
        null,
        null,
        1,
        null,
        null,
        1,
        2,
        2,
        null,
        null,
        null,
        null,
        null,
        null,
        null,
        1,
        2,
        2,
        1,
        1,
        1,
        1,
        null,
        null,
        1,
        1,
        1,
        null,
        2,
        null,
        null,
        1,
        null,
        1,
        null,
        null,
        null
      ],
      "/Users/tomfreudenheim/Documents/development/celmatix/celmatix_challenge_restore/celmatix-challenge/app/controllers/api/users_controller.rb": [
        1,
        null,
        1,
        1,
        3,
        null,
        null,
        null,
        1,
        1,
        1,
        null,
        null,
        null
      ]
    },
    "timestamp": 1510946952
  }
}
